This is pdfTeX, Version 3.141592653-2.6-1.40.24 (TeX Live 2022/Debian) (preloaded format=pdflatex 2022.11.4)  9 NOV 2023 07:21
entering extended mode
 restricted \write18 enabled.
 file:line:error style messages enabled.
 %&-line parsing enabled.
**"/home/rodrigue/M2/Redaction memoire/SRI-VSM-Mast-2-BOUDI.tex"
(/home/rodrigue/M2/Redaction memoire/SRI-VSM-Mast-2-BOUDI.tex
LaTeX2e <2022-06-01> patch level 5
L3 programming layer <2022-07-15> (/usr/share/texlive/texmf-dist/tex/latex/base/report.cls
Document Class: report 2021/10/04 v1.4n Standard LaTeX document class
(/usr/share/texlive/texmf-dist/tex/latex/base/size12.clo
File: size12.clo 2021/10/04 v1.4n Standard LaTeX file (size option)
)
\c@part=\count185
\c@chapter=\count186
\c@section=\count187
\c@subsection=\count188
\c@subsubsection=\count189
\c@paragraph=\count190
\c@subparagraph=\count191
\c@figure=\count192
\c@table=\count193
\abovecaptionskip=\skip47
\belowcaptionskip=\skip48
\bibindent=\dimen138
) (/usr/share/texlive/texmf-dist/tex/latex/csquotes/csquotes.sty
Package: csquotes 2021-02-22 v5.2l context-sensitive quotations (JAW)
 (/usr/share/texlive/texmf-dist/tex/latex/etoolbox/etoolbox.sty
Package: etoolbox 2020/10/05 v2.5k e-TeX tools for LaTeX (JAW)
\etb@tempcnta=\count194
) (/usr/share/texlive/texmf-dist/tex/latex/graphics/keyval.sty
Package: keyval 2022/05/29 v1.15 key=value parser (DPC)
\KV@toks@=\toks16
)
\csq@reset=\count195
\csq@gtype=\count196
\csq@glevel=\count197
\csq@qlevel=\count198
\csq@maxlvl=\count199
\csq@tshold=\count266
\csq@ltx@everypar=\toks17
 (/usr/share/texlive/texmf-dist/tex/latex/csquotes/csquotes.def
File: csquotes.def 2021-02-22 v5.2l csquotes generic definitions (JAW)
)
Package csquotes Info: Trying to load configuration file 'csquotes.cfg'...
Package csquotes Info: ... configuration file loaded successfully.
 (/usr/share/texlive/texmf-dist/tex/latex/csquotes/csquotes.cfg
File: csquotes.cfg 
)) (/usr/share/texlive/texmf-dist/tex/latex/tools/multicol.sty
Package: multicol 2021/11/30 v1.9d multicolumn formatting (FMi)
\c@tracingmulticols=\count267
\mult@box=\box51
\multicol@leftmargin=\dimen139
\c@unbalance=\count268
\c@collectmore=\count269
\doublecol@number=\count270
\multicoltolerance=\count271
\multicolpretolerance=\count272
\full@width=\dimen140
\page@free=\dimen141
\premulticols=\dimen142
\postmulticols=\dimen143
\multicolsep=\skip49
\multicolbaselineskip=\skip50
\partial@page=\box52
\last@line=\box53
\maxbalancingoverflow=\dimen144
\mult@rightbox=\box54
\mult@grightbox=\box55
\mult@firstbox=\box56
\mult@gfirstbox=\box57
\@tempa=\box58
\@tempa=\box59
\@tempa=\box60
\@tempa=\box61
\@tempa=\box62
\@tempa=\box63
\@tempa=\box64
\@tempa=\box65
\@tempa=\box66
\@tempa=\box67
\@tempa=\box68
\@tempa=\box69
\@tempa=\box70
\@tempa=\box71
\@tempa=\box72
\@tempa=\box73
\@tempa=\box74
\@tempa=\box75
\@tempa=\box76
\@tempa=\box77
\@tempa=\box78
\@tempa=\box79
\@tempa=\box80
\@tempa=\box81
\@tempa=\box82
\@tempa=\box83
\@tempa=\box84
\@tempa=\box85
\@tempa=\box86
\@tempa=\box87
\@tempa=\box88
\@tempa=\box89
\@tempa=\box90
\@tempa=\box91
\@tempa=\box92
\@tempa=\box93
\c@minrows=\count273
\c@columnbadness=\count274
\c@finalcolumnbadness=\count275
\last@try=\dimen145
\multicolovershoot=\dimen146
\multicolundershoot=\dimen147
\mult@nat@firstbox=\box94
\colbreak@box=\box95
\mc@col@check@num=\count276
) (/usr/share/texlive/texmf-dist/tex/latex/tools/tabularx.sty
Package: tabularx 2020/01/15 v2.11c `tabularx' package (DPC)
 (/usr/share/texlive/texmf-dist/tex/latex/tools/array.sty
Package: array 2022/03/10 v2.5f Tabular extension package (FMi)
\col@sep=\dimen148
\ar@mcellbox=\box96
\extrarowheight=\dimen149
\NC@list=\toks18
\extratabsurround=\skip51
\backup@length=\skip52
\ar@cellbox=\box97
)
\TX@col@width=\dimen150
\TX@old@table=\dimen151
\TX@old@col=\dimen152
\TX@target=\dimen153
\TX@delta=\dimen154
\TX@cols=\count277
\TX@ftn=\toks19
) (/usr/share/texlive/texmf-dist/tex/latex/base/inputenc.sty
Package: inputenc 2021/02/14 v1.3d Input encoding file
\inpenc@prehook=\toks20
\inpenc@posthook=\toks21
) (/usr/share/texlive/texmf-dist/tex/latex/base/fontenc.sty
Package: fontenc 2021/04/29 v2.0v Standard LaTeX package
) (/usr/share/texlive/texmf-dist/tex/latex/geometry/geometry.sty
Package: geometry 2020/01/02 v5.9 Page Geometry
 (/usr/share/texlive/texmf-dist/tex/generic/iftex/ifvtex.sty
Package: ifvtex 2019/10/25 v1.7 ifvtex legacy package. Use iftex instead.
 (/usr/share/texlive/texmf-dist/tex/generic/iftex/iftex.sty
Package: iftex 2022/02/03 v1.0f TeX engine tests
))
\Gm@cnth=\count278
\Gm@cntv=\count279
\c@Gm@tempcnt=\count280
\Gm@bindingoffset=\dimen155
\Gm@wd@mp=\dimen156
\Gm@odd@mp=\dimen157
\Gm@even@mp=\dimen158
\Gm@layoutwidth=\dimen159
\Gm@layoutheight=\dimen160
\Gm@layouthoffset=\dimen161
\Gm@layoutvoffset=\dimen162
\Gm@dimlist=\toks22
) (/usr/share/texlive/texmf-dist/tex/latex/setspace/setspace.sty
Package: setspace 2011/12/19 v6.7a set line spacing
) (/usr/share/texlive/texmf-dist/tex/latex/titlesec/titlesec.sty
Package: titlesec 2021/07/05 v2.14 Sectioning titles
\ttl@box=\box98
\beforetitleunit=\skip53
\aftertitleunit=\skip54
\ttl@plus=\dimen163
\ttl@minus=\dimen164
\ttl@toksa=\toks23
\titlewidth=\dimen165
\titlewidthlast=\dimen166
\titlewidthfirst=\dimen167
) (/usr/share/texlive/texmf-dist/tex/latex/graphics/graphicx.sty
Package: graphicx 2021/09/16 v1.2d Enhanced LaTeX Graphics (DPC,SPQR)
 (/usr/share/texlive/texmf-dist/tex/latex/graphics/graphics.sty
Package: graphics 2022/03/10 v1.4e Standard LaTeX Graphics (DPC,SPQR)
 (/usr/share/texlive/texmf-dist/tex/latex/graphics/trig.sty
Package: trig 2021/08/11 v1.11 sin cos tan (DPC)
) (/usr/share/texlive/texmf-dist/tex/latex/graphics-cfg/graphics.cfg
File: graphics.cfg 2016/06/04 v1.11 sample graphics configuration
)
Package graphics Info: Driver file: pdftex.def on input line 107.
 (/usr/share/texlive/texmf-dist/tex/latex/graphics-def/pdftex.def
File: pdftex.def 2020/10/05 v1.2a Graphics/color driver for pdftex
))
\Gin@req@height=\dimen168
\Gin@req@width=\dimen169
) (/usr/share/texlive/texmf-dist/tex/generic/babel/babel.sty
Package: babel 2022/07/20 3.78 The Babel package
\babel@savecnt=\count281
\U@D=\dimen170
\l@unhyphenated=\language87
 (/usr/share/texlive/texmf-dist/tex/generic/babel/txtbabel.def)
\bbl@readstream=\read2
\bbl@dirlevel=\count282
 (/usr/share/texlive/texmf-dist/tex/generic/babel-french/french.ldf
Language: french 2022/04/18 v3.5n French support from the babel system
Package babel Info: Hyphen rules for 'acadian' set to \l@french
(babel)             (\language3). Reported on input line 91.
Package babel Info: Hyphen rules for 'canadien' set to \l@french
(babel)             (\language3). Reported on input line 92.
\FB@nonchar=\count283
Package babel Info: Making : an active character on input line 430.
Package babel Info: Making ; an active character on input line 431.
Package babel Info: Making ! an active character on input line 432.
Package babel Info: Making ? an active character on input line 433.
\FBguill@level=\count284
\FBold@everypar=\toks24
\FB@Mht=\dimen171
\mc@charclass=\count285
\mc@charfam=\count286
\mc@charslot=\count287
\std@mcc=\count288
\dec@mcc=\count289
\listindentFB=\dimen172
\descindentFB=\dimen173
\labelindentFB=\dimen174
\labelwidthFB=\dimen175
\leftmarginFB=\dimen176
\parindentFFN=\dimen177
\FBfnindent=\dimen178
)) (/usr/share/texlive/texmf-dist/tex/generic/babel/locale/fr/babel-french.tex
Package babel Info: Importing font and identification data for french
(babel)             from babel-fr.ini. Reported on input line 11.
) (/usr/share/texlive/texmf-dist/tex/latex/carlisle/scalefnt.sty) (/usr/share/texlive/texmf-dist/tex/latex/lipsum/lipsum.sty (/usr/share/texlive/texmf-dist/tex/latex/l3packages/l3keys2e/l3keys2e.sty (/usr/share/texlive/texmf-dist/tex/latex/l3kernel/expl3.sty
Package: expl3 2022-07-15 L3 programming layer (loader) 
 (/usr/share/texlive/texmf-dist/tex/latex/l3backend/l3backend-pdftex.def
File: l3backend-pdftex.def 2022-07-01 L3 backend support: PDF output (pdfTeX)
\l__color_backend_stack_int=\count290
\l__pdf_internal_box=\box99
))
Package: l3keys2e 2022-06-22 LaTeX2e option processing using LaTeX3 keys
)
Package: lipsum 2021-09-20 v2.7 150 paragraphs of Lorem Ipsum dummy text
\g__lipsum_par_int=\count291
\l__lipsum_a_int=\count292
\l__lipsum_b_int=\count293
 (/usr/share/texlive/texmf-dist/tex/latex/lipsum/lipsum.ltd.tex)) (/usr/share/texlive/texmf-dist/tex/latex/amscls/amsthm.sty
Package: amsthm 2020/05/29 v2.20.6
\thm@style=\toks25
\thm@bodyfont=\toks26
\thm@headfont=\toks27
\thm@notefont=\toks28
\thm@headpunct=\toks29
\thm@preskip=\skip55
\thm@postskip=\skip56
\thm@headsep=\skip57
\dth@everypar=\toks30
) (/usr/share/texlive/texmf-dist/tex/latex/tools/calc.sty
Package: calc 2017/05/25 v4.3 Infix arithmetic (KKT,FJ)
\calc@Acount=\count294
\calc@Bcount=\count295
\calc@Adimen=\dimen179
\calc@Bdimen=\dimen180
\calc@Askip=\skip58
\calc@Bskip=\skip59
LaTeX Info: Redefining \setlength on input line 80.
LaTeX Info: Redefining \addtolength on input line 81.
\calc@Ccount=\count296
\calc@Cskip=\skip60
) (/usr/share/texlive/texmf-dist/tex/latex/mwe/mwe.sty
Package: mwe 2018/03/30 v0.5 Package to support minimal working examples (MWE)
 (/usr/share/texlive/texmf-dist/tex/latex/blindtext/blindtext.sty
Package: blindtext 2012/01/06 V2.0 blindtext-Package
 (/usr/share/texlive/texmf-dist/tex/latex/tools/xspace.sty
Package: xspace 2014/10/28 v1.13 Space after command names (DPC,MH)
)
\c@blindtext=\count297
\c@Blindtext=\count298
\c@blind@countparstart=\count299
\blind@countxx=\count300
\blindtext@numBlindtext=\count301
\blind@countyy=\count302
\c@blindlist=\count303
\c@blindlistlevel=\count304
\c@blindlist@level=\count305
\blind@listitem=\count306
\c@blind@listcount=\count307
\c@blind@levelcount=\count308
\blind@mathformula=\count309
\blind@Mathformula=\count310
\c@blind@randomcount=\count311
\c@blind@randommax=\count312
\c@blind@pangramcount=\count313
\c@blind@pangrammax=\count314
)) (/usr/share/texlive/texmf-dist/tex/latex/algorithms/algorithm.sty
Package: algorithm 2009/08/24 v0.1 Document Style `algorithm' - floating environment
 (/usr/share/texlive/texmf-dist/tex/latex/float/float.sty
Package: float 2001/11/08 v1.3d Float enhancements (AL)
\c@float@type=\count315
\float@exts=\toks31
\float@box=\box100
\@float@everytoks=\toks32
\@floatcapt=\box101
) (/usr/share/texlive/texmf-dist/tex/latex/base/ifthen.sty
Package: ifthen 2022/04/13 v1.1d Standard LaTeX ifthen package (DPC)
)
\@float@every@algorithm=\toks33
\c@algorithm=\count316
) (/usr/share/texlive/texmf-dist/tex/latex/algorithmicx/algpseudocode.sty
Package: algpseudocode 
 (/usr/share/texlive/texmf-dist/tex/latex/algorithmicx/algorithmicx.sty
Package: algorithmicx 2005/04/27 v1.2 Algorithmicx

Document Style algorithmicx 1.2 - a greatly improved `algorithmic' style
\c@ALG@line=\count317
\c@ALG@rem=\count318
\c@ALG@nested=\count319
\ALG@tlm=\skip61
\ALG@thistlm=\skip62
\c@ALG@Lnr=\count320
\c@ALG@blocknr=\count321
\c@ALG@storecount=\count322
\c@ALG@tmpcounter=\count323
\ALG@tmplength=\skip63
)
Document Style - pseudocode environments for use with the `algorithmicx' style
) (/usr/share/texlive/texmf-dist/tex/latex/enumitem/enumitem.sty
Package: enumitem 2019/06/20 v3.9 Customized lists
\labelindent=\skip64
\enit@outerparindent=\dimen181
\enit@toks=\toks34
\enit@inbox=\box102
\enit@count@id=\count324
\enitdp@description=\count325
) (/usr/share/texlive/texmf-dist/tex/latex/hyperref/hyperref.sty
Package: hyperref 2022-06-20 v7.00s Hypertext links for LaTeX
 (/usr/share/texlive/texmf-dist/tex/generic/ltxcmds/ltxcmds.sty
Package: ltxcmds 2020-05-10 v1.25 LaTeX kernel commands for general use (HO)
) (/usr/share/texlive/texmf-dist/tex/generic/pdftexcmds/pdftexcmds.sty
Package: pdftexcmds 2020-06-27 v0.33 Utility functions of pdfTeX for LuaTeX (HO)
 (/usr/share/texlive/texmf-dist/tex/generic/infwarerr/infwarerr.sty
Package: infwarerr 2019/12/03 v1.5 Providing info/warning/error messages (HO)
)
Package pdftexcmds Info: \pdf@primitive is available.
Package pdftexcmds Info: \pdf@ifprimitive is available.
Package pdftexcmds Info: \pdfdraftmode found.
) (/usr/share/texlive/texmf-dist/tex/generic/kvsetkeys/kvsetkeys.sty
Package: kvsetkeys 2019/12/15 v1.18 Key value parser (HO)
) (/usr/share/texlive/texmf-dist/tex/generic/kvdefinekeys/kvdefinekeys.sty
Package: kvdefinekeys 2019-12-19 v1.6 Define keys (HO)
) (/usr/share/texlive/texmf-dist/tex/generic/pdfescape/pdfescape.sty
Package: pdfescape 2019/12/09 v1.15 Implements pdfTeX's escape features (HO)
) (/usr/share/texlive/texmf-dist/tex/latex/hycolor/hycolor.sty
Package: hycolor 2020-01-27 v1.10 Color options for hyperref/bookmark (HO)
) (/usr/share/texlive/texmf-dist/tex/latex/letltxmacro/letltxmacro.sty
Package: letltxmacro 2019/12/03 v1.6 Let assignment for LaTeX macros (HO)
) (/usr/share/texlive/texmf-dist/tex/latex/auxhook/auxhook.sty
Package: auxhook 2019-12-17 v1.6 Hooks for auxiliary files (HO)
) (/usr/share/texlive/texmf-dist/tex/latex/hyperref/nameref.sty
Package: nameref 2022-05-17 v2.50 Cross-referencing by name of section
 (/usr/share/texlive/texmf-dist/tex/latex/refcount/refcount.sty
Package: refcount 2019/12/15 v3.6 Data extraction from label references (HO)
) (/usr/share/texlive/texmf-dist/tex/generic/gettitlestring/gettitlestring.sty
Package: gettitlestring 2019/12/15 v1.6 Cleanup title references (HO)
 (/usr/share/texlive/texmf-dist/tex/latex/kvoptions/kvoptions.sty
Package: kvoptions 2022-06-15 v3.15 Key value format for package options (HO)
))
\c@section@level=\count326
)
\@linkdim=\dimen182
\Hy@linkcounter=\count327
\Hy@pagecounter=\count328
 (/usr/share/texlive/texmf-dist/tex/latex/hyperref/pd1enc.def
File: pd1enc.def 2022-06-20 v7.00s Hyperref: PDFDocEncoding definition (HO)
Now handling font encoding PD1 ...
... no UTF-8 mapping file for font encoding PD1
) (/usr/share/texlive/texmf-dist/tex/generic/intcalc/intcalc.sty
Package: intcalc 2019/12/15 v1.3 Expandable calculations with integers (HO)
) (/usr/share/texlive/texmf-dist/tex/generic/etexcmds/etexcmds.sty
Package: etexcmds 2019/12/15 v1.7 Avoid name clashes with e-TeX commands (HO)
)
\Hy@SavedSpaceFactor=\count329
 (/usr/share/texlive/texmf-dist/tex/latex/hyperref/puenc.def
File: puenc.def 2022-06-20 v7.00s Hyperref: PDF Unicode definition (HO)
Now handling font encoding PU ...
... no UTF-8 mapping file for font encoding PU
)
Package hyperref Info: Hyper figures OFF on input line 4162.
Package hyperref Info: Link nesting OFF on input line 4167.
Package hyperref Info: Hyper index ON on input line 4170.
Package hyperref Info: Plain pages OFF on input line 4177.
Package hyperref Info: Backreferencing OFF on input line 4182.
Package hyperref Info: Implicit mode ON; LaTeX internals redefined.
Package hyperref Info: Bookmarks ON on input line 4408.
\c@Hy@tempcnt=\count330
 (/usr/share/texlive/texmf-dist/tex/latex/url/url.sty
\Urlmuskip=\muskip16
Package: url 2013/09/16  ver 3.4  Verb mode for urls, etc.
)
LaTeX Info: Redefining \url on input line 4746.
\XeTeXLinkMargin=\dimen183
 (/usr/share/texlive/texmf-dist/tex/generic/bitset/bitset.sty
Package: bitset 2019/12/09 v1.3 Handle bit-vector datatype (HO)
 (/usr/share/texlive/texmf-dist/tex/generic/bigintcalc/bigintcalc.sty
Package: bigintcalc 2019/12/15 v1.5 Expandable calculations on big integers (HO)
))
\Fld@menulength=\count331
\Field@Width=\dimen184
\Fld@charsize=\dimen185
Package hyperref Info: Hyper figures OFF on input line 6024.
Package hyperref Info: Link nesting OFF on input line 6029.
Package hyperref Info: Hyper index ON on input line 6032.
Package hyperref Info: backreferencing OFF on input line 6039.
Package hyperref Info: Link coloring OFF on input line 6044.
Package hyperref Info: Link coloring with OCG OFF on input line 6049.
Package hyperref Info: PDF/A mode OFF on input line 6054.
 (/usr/share/texlive/texmf-dist/tex/latex/base/atbegshi-ltx.sty
Package: atbegshi-ltx 2021/01/10 v1.0c Emulation of the original atbegshi
package with kernel methods
)
\Hy@abspage=\count332
\c@Item=\count333
\c@Hfootnote=\count334
)
Package hyperref Info: Driver (autodetected): hpdftex.
 (/usr/share/texlive/texmf-dist/tex/latex/hyperref/hpdftex.def
File: hpdftex.def 2022-06-20 v7.00s Hyperref driver for pdfTeX
 (/usr/share/texlive/texmf-dist/tex/latex/base/atveryend-ltx.sty
Package: atveryend-ltx 2020/08/19 v1.0a Emulation of the original atveryend package
with kernel methods
)
\Fld@listcount=\count335
\c@bookmark@seq@number=\count336
 (/usr/share/texlive/texmf-dist/tex/latex/rerunfilecheck/rerunfilecheck.sty
Package: rerunfilecheck 2022-07-10 v1.10 Rerun checks for auxiliary files (HO)
 (/usr/share/texlive/texmf-dist/tex/generic/uniquecounter/uniquecounter.sty
Package: uniquecounter 2019/12/15 v1.4 Provide unlimited unique counter (HO)
)
Package uniquecounter Info: New unique counter `rerunfilecheck' on input line 285.
)
\Hy@SectionHShift=\skip65
) (/usr/share/texlive/texmf-dist/tex/latex/parskip/parskip.sty
Package: parskip 2021-03-14 v2.0h non-zero parskip adjustments
) (/usr/share/texlive/texmf-dist/tex/latex/psnfss/pifont.sty
Package: pifont 2020/03/25 PSNFSS-v9.3 Pi font support (SPQR) 
LaTeX Font Info:    Trying to load font information for U+pzd on input line 63.
 (/usr/share/texlive/texmf-dist/tex/latex/psnfss/upzd.fd
File: upzd.fd 2001/06/04 font definitions for U/pzd.
)
LaTeX Font Info:    Trying to load font information for U+psy on input line 64.
 (/usr/share/texlive/texmf-dist/tex/latex/psnfss/upsy.fd
File: upsy.fd 2001/06/04 font definitions for U/psy.
)) (/usr/share/texlive/texmf-dist/tex/latex/biblatex/biblatex.sty
Package: biblatex 2022/07/12 v3.18b programmable bibliographies (PK/MW)
 (/usr/share/texlive/texmf-dist/tex/latex/logreq/logreq.sty
Package: logreq 2010/08/04 v1.0 xml request logger
\lrq@indent=\count337
 (/usr/share/texlive/texmf-dist/tex/latex/logreq/logreq.def
File: logreq.def 2010/08/04 v1.0 logreq spec v1.0
))
\c@tabx@nest=\count338
\c@listtotal=\count339
\c@listcount=\count340
\c@liststart=\count341
\c@liststop=\count342
\c@citecount=\count343
\c@citetotal=\count344
\c@multicitecount=\count345
\c@multicitetotal=\count346
\c@instcount=\count347
\c@maxnames=\count348
\c@minnames=\count349
\c@maxitems=\count350
\c@minitems=\count351
\c@citecounter=\count352
\c@maxcitecounter=\count353
\c@savedcitecounter=\count354
\c@uniquelist=\count355
\c@uniquename=\count356
\c@refsection=\count357
\c@refsegment=\count358
\c@maxextratitle=\count359
\c@maxextratitleyear=\count360
\c@maxextraname=\count361
\c@maxextradate=\count362
\c@maxextraalpha=\count363
\c@abbrvpenalty=\count364
\c@highnamepenalty=\count365
\c@lownamepenalty=\count366
\c@maxparens=\count367
\c@parenlevel=\count368
\blx@tempcnta=\count369
\blx@tempcntb=\count370
\blx@tempcntc=\count371
\c@blx@maxsection=\count372
\blx@maxsegment@0=\count373
\blx@notetype=\count374
\blx@parenlevel@text=\count375
\blx@parenlevel@foot=\count376
\blx@sectionciteorder@0=\count377
\blx@sectionciteorderinternal@0=\count378
\blx@entrysetcounter=\count379
\blx@biblioinstance=\count380
\labelnumberwidth=\skip66
\labelalphawidth=\skip67
\biblabelsep=\skip68
\bibitemsep=\skip69
\bibnamesep=\skip70
\bibinitsep=\skip71
\bibparsep=\skip72
\bibhang=\skip73
\blx@bcfin=\read3
\blx@bcfout=\write3
\blx@langwohyphens=\language88
\c@mincomprange=\count381
\c@maxcomprange=\count382
\c@mincompwidth=\count383
Package biblatex Info: Trying to load biblatex default data model...
Package biblatex Info: ... file 'blx-dm.def' found.
 (/usr/share/texlive/texmf-dist/tex/latex/biblatex/blx-dm.def
File: blx-dm.def 2022/07/12 v3.18b biblatex localization (PK/MW)
)
Package biblatex Info: Trying to load biblatex style data model...
Package biblatex Info: ... file 'authoryear.dbx' not found.
Package biblatex Info: Trying to load biblatex custom data model...
Package biblatex Info: ... file 'biblatex-dm.cfg' not found.
\c@afterword=\count384
\c@savedafterword=\count385
\c@annotator=\count386
\c@savedannotator=\count387
\c@author=\count388
\c@savedauthor=\count389
\c@bookauthor=\count390
\c@savedbookauthor=\count391
\c@commentator=\count392
\c@savedcommentator=\count393
\c@editor=\count394
\c@savededitor=\count395
\c@editora=\count396
\c@savededitora=\count397
\c@editorb=\count398
\c@savededitorb=\count399
\c@editorc=\count400
\c@savededitorc=\count401
\c@foreword=\count402
\c@savedforeword=\count403
\c@holder=\count404
\c@savedholder=\count405
\c@introduction=\count406
\c@savedintroduction=\count407
\c@namea=\count408
\c@savednamea=\count409
\c@nameb=\count410
\c@savednameb=\count411
\c@namec=\count412
\c@savednamec=\count413
\c@translator=\count414
\c@savedtranslator=\count415
\c@shortauthor=\count416
\c@savedshortauthor=\count417
\c@shorteditor=\count418
\c@savedshorteditor=\count419
\c@labelname=\count420
\c@savedlabelname=\count421
\c@institution=\count422
\c@savedinstitution=\count423
\c@lista=\count424
\c@savedlista=\count425
\c@listb=\count426
\c@savedlistb=\count427
\c@listc=\count428
\c@savedlistc=\count429
\c@listd=\count430
\c@savedlistd=\count431
\c@liste=\count432
\c@savedliste=\count433
\c@listf=\count434
\c@savedlistf=\count435
\c@location=\count436
\c@savedlocation=\count437
\c@organization=\count438
\c@savedorganization=\count439
\c@origlocation=\count440
\c@savedoriglocation=\count441
\c@origpublisher=\count442
\c@savedorigpublisher=\count443
\c@publisher=\count444
\c@savedpublisher=\count445
\c@language=\count446
\c@savedlanguage=\count447
\c@origlanguage=\count448
\c@savedoriglanguage=\count449
\c@pageref=\count450
\c@savedpageref=\count451
\shorthandwidth=\skip74
\shortjournalwidth=\skip75
\shortserieswidth=\skip76
\shorttitlewidth=\skip77
\shortauthorwidth=\skip78
\shorteditorwidth=\skip79
\locallabelnumberwidth=\skip80
\locallabelalphawidth=\skip81
\localshorthandwidth=\skip82
\localshortjournalwidth=\skip83
\localshortserieswidth=\skip84
\localshorttitlewidth=\skip85
\localshortauthorwidth=\skip86
\localshorteditorwidth=\skip87
Package biblatex Info: Trying to load compatibility code...
Package biblatex Info: ... file 'blx-compat.def' found.
 (/usr/share/texlive/texmf-dist/tex/latex/biblatex/blx-compat.def
File: blx-compat.def 2022/07/12 v3.18b biblatex compatibility (PK/MW)
)
Package biblatex Info: Trying to load generic definitions...
Package biblatex Info: ... file 'biblatex.def' found.
 (/usr/share/texlive/texmf-dist/tex/latex/biblatex/biblatex.def
File: biblatex.def 2022/07/12 v3.18b biblatex compatibility (PK/MW)
\c@textcitecount=\count452
\c@textcitetotal=\count453
\c@textcitemaxnames=\count454
\c@biburlbigbreakpenalty=\count455
\c@biburlbreakpenalty=\count456
\c@biburlnumpenalty=\count457
\c@biburlucpenalty=\count458
\c@biburllcpenalty=\count459
\biburlbigskip=\muskip17
\biburlnumskip=\muskip18
\biburlucskip=\muskip19
\biburllcskip=\muskip20
\c@smartand=\count460
)
Package biblatex Info: Trying to load natbib compatibility...
Package biblatex Info: ... file 'blx-natbib.def' found.
 (/usr/share/texlive/texmf-dist/tex/latex/biblatex/blx-natbib.def
File: blx-natbib.def 2022/07/12 v3.18b biblatex compatibility (PK/MW)
Package biblatex Info: Delimiter 'nameyeardelim' in context '' already defined, overwriting.
)
Package biblatex Info: Trying to load bibliography style 'authoryear'...
Package biblatex Info: ... file 'authoryear.bbx' found.
 (/usr/share/texlive/texmf-dist/tex/latex/biblatex/bbx/authoryear.bbx
File: authoryear.bbx 2022/07/12 v3.18b biblatex bibliography style (PK/MW)
Package biblatex Info: Trying to load bibliography style 'standard'...
Package biblatex Info: ... file 'standard.bbx' found.
 (/usr/share/texlive/texmf-dist/tex/latex/biblatex/bbx/standard.bbx
File: standard.bbx 2022/07/12 v3.18b biblatex bibliography style (PK/MW)
\c@bbx:relatedcount=\count461
\c@bbx:relatedtotal=\count462
))
Package biblatex Info: Trying to load citation style 'authoryear'...
Package biblatex Info: ... file 'authoryear.cbx' found.
 (/usr/share/texlive/texmf-dist/tex/latex/biblatex/cbx/authoryear.cbx
File: authoryear.cbx 2022/07/12 v3.18b biblatex citation style (PK/MW)
Package biblatex Info: Redefining '\cite'.
Package biblatex Info: Redefining '\parencite'.
Package biblatex Info: Redefining '\footcite'.
Package biblatex Info: Redefining '\footcitetext'.
Package biblatex Info: Redefining '\smartcite'.
Package biblatex Info: Redefining '\textcite'.
Package biblatex Info: Redefining '\textcites'.
)
Package biblatex Info: Trying to load configuration file...
Package biblatex Info: ... file 'biblatex.cfg' found.
 (/usr/share/texlive/texmf-dist/tex/latex/biblatex/biblatex.cfg
File: biblatex.cfg 
)

Package biblatex Warning: 'babel' option is deprecated.
(biblatex)                Please use 'autolang' instead.

Package biblatex Info: Input encoding 'utf8' detected.
Package biblatex Info: Document encoding is UTF8 ....
Package biblatex Info: ... and expl3
(biblatex)             2022-07-15 L3 programming layer (loader) 
(biblatex)             is new enough (at least 2020/04/06),
(biblatex)             setting 'casechanger=expl3'.
(/usr/share/texlive/texmf-dist/tex/latex/biblatex/blx-case-expl3.sty (/usr/share/texlive/texmf-dist/tex/latex/l3packages/xparse/xparse.sty
Package: xparse 2022-06-22 L3 Experimental document command parser
)
Package: blx-case-expl3 2022/07/12 v3.18b expl3 case changing code for biblatex
))
\c@subsubsubsection=\count463
\c@definition=\count464
 (/usr/share/texlive/texmf-dist/tex/latex/fancyhdr/fancyhdr.sty
Package: fancyhdr 2022/05/18 v4.0.3 Extensive control of page headers and footers
\f@nch@headwidth=\skip88
\f@nch@O@elh=\skip89
\f@nch@O@erh=\skip90
\f@nch@O@olh=\skip91
\f@nch@O@orh=\skip92
\f@nch@O@elf=\skip93
\f@nch@O@erf=\skip94
\f@nch@O@olf=\skip95
\f@nch@O@orf=\skip96
)

Package fancyhdr Warning: \fancyhead's `E' option without twoside option is useless on input line 115.

\logowidth=\skip97
<Figures/Logo/university_logo.png, id=1, 115.43124pt x 90.3375pt>
File: Figures/Logo/university_logo.png Graphic file (type png)
<use Figures/Logo/university_logo.png>
Package pdftex.def Info: Figures/Logo/university_logo.png  used on input line 122.
(pdftex.def)             Requested size: 56.9055pt x 44.53455pt.

Package csquotes Warning: Load 'inputenc' before 'csquotes' on input line 124.

Package csquotes Info: Checking for multilingual support...
Package csquotes Info: ... found 'babel' package.
Package csquotes Info: Adjusting default style.
Package csquotes Info: Redefining alias 'default' -> 'french'.
(./SRI-VSM-Mast-2-BOUDI.aux (./Parts/Header.aux) (./Parts/Introduction.aux) (./Parts/Revue-literatture.aux) (./Parts/Realisation.aux) (./Parts/Conclusion.aux))
\openout1 = `SRI-VSM-Mast-2-BOUDI.aux'.

LaTeX Font Info:    Checking defaults for OML/cmm/m/it on input line 124.
LaTeX Font Info:    ... okay on input line 124.
LaTeX Font Info:    Checking defaults for OMS/cmsy/m/n on input line 124.
LaTeX Font Info:    ... okay on input line 124.
LaTeX Font Info:    Checking defaults for OT1/cmr/m/n on input line 124.
LaTeX Font Info:    ... okay on input line 124.
LaTeX Font Info:    Checking defaults for T1/cmr/m/n on input line 124.
LaTeX Font Info:    ... okay on input line 124.
LaTeX Font Info:    Checking defaults for TS1/cmr/m/n on input line 124.
LaTeX Font Info:    ... okay on input line 124.
LaTeX Font Info:    Checking defaults for OMX/cmex/m/n on input line 124.
LaTeX Font Info:    ... okay on input line 124.
LaTeX Font Info:    Checking defaults for U/cmr/m/n on input line 124.
LaTeX Font Info:    ... okay on input line 124.
LaTeX Font Info:    Checking defaults for PD1/pdf/m/n on input line 124.
LaTeX Font Info:    ... okay on input line 124.
LaTeX Font Info:    Checking defaults for PU/pdf/m/n on input line 124.
LaTeX Font Info:    ... okay on input line 124.

*geometry* driver: auto-detecting
*geometry* detected driver: pdftex
*geometry* verbose mode - [ preamble ] result:
* driver: pdftex
* paper: a4paper
* layout: <same size as paper>
* layoutoffset:(h,v)=(0.0pt,0.0pt)
* modes: 
* h-part:(L,W,R)=(56.9055pt, 483.69687pt, 56.9055pt)
* v-part:(T,H,B)=(56.9055pt, 731.23584pt, 56.9055pt)
* \paperwidth=597.50787pt
* \paperheight=845.04684pt
* \textwidth=483.69687pt
* \textheight=731.23584pt
* \oddsidemargin=-15.36449pt
* \evensidemargin=-15.36449pt
* \topmargin=-52.36449pt
* \headheight=12.0pt
* \headsep=25.0pt
* \topskip=12.0pt
* \footskip=30.0pt
* \marginparwidth=35.0pt
* \marginparsep=10.0pt
* \columnsep=10.0pt
* \skip\footins=10.8pt plus 4.0pt minus 2.0pt
* \hoffset=0.0pt
* \voffset=0.0pt
* \mag=1000
* \@twocolumnfalse
* \@twosidefalse
* \@mparswitchfalse
* \@reversemarginfalse
* (1in=72.27pt=25.4mm, 1cm=28.453pt)

(/usr/share/texlive/texmf-dist/tex/context/base/mkii/supp-pdf.mkii
[Loading MPS to PDF converter (version 2006.09.02).]
\scratchcounter=\count465
\scratchdimen=\dimen186
\scratchbox=\box103
\nofMPsegments=\count466
\nofMParguments=\count467
\everyMPshowfont=\toks35
\MPscratchCnt=\count468
\MPscratchDim=\dimen187
\MPnumerator=\count469
\makeMPintoPDFobject=\count470
\everyMPtoPDFconversion=\toks36
) (/usr/share/texlive/texmf-dist/tex/latex/epstopdf-pkg/epstopdf-base.sty
Package: epstopdf-base 2020-01-24 v2.11 Base part for package epstopdf
Package epstopdf-base Info: Redefining graphics rule for `.eps' on input line 485.
 (/usr/share/texlive/texmf-dist/tex/latex/latexconfig/epstopdf-sys.cfg
File: epstopdf-sys.cfg 2010/07/13 v1.3 Configuration of (r)epstopdf for TeX Live
))
LaTeX Info: Redefining \degres on input line 124.
Package french.ldf Info: Setting StandardItemizeEnv=true for
(french.ldf)             compatibility with enumitem package,
(french.ldf)             reported on input line 124.
Package french.ldf Info: Setting StandardEnumerateEnv=true for
(french.ldf)             compatibility with enumitem package,
(french.ldf)             reported on input line 124.
LaTeX Info: Redefining \up on input line 124.
Package hyperref Info: Link coloring OFF on input line 124.
 (./SRI-VSM-Mast-2-BOUDI.out) (./SRI-VSM-Mast-2-BOUDI.out)
\@outlinefile=\write4
\openout4 = `SRI-VSM-Mast-2-BOUDI.out'.

Package biblatex Info: Trying to load language 'french'...
Package biblatex Info: ... file 'french.lbx' found.
 (/usr/share/texlive/texmf-dist/tex/latex/biblatex/lbx/french.lbx
File: french.lbx 2022/07/12 v3.18b biblatex localization (PK/MW)
)
Package biblatex Info: Input encoding 'utf8' detected.
Package biblatex Info: Data encoding 'utf8' specified.
(biblatex)             No need to reencode data.
\openout3 = `SRI-VSM-Mast-2-BOUDI.bcf'.

Package biblatex Info: Trying to load bibliographic data...
Package biblatex Info: ... file 'SRI-VSM-Mast-2-BOUDI.bbl' found.
 (./SRI-VSM-Mast-2-BOUDI.bbl

Package biblatex Warning: Biber reported the following issues
(biblatex)                with 'jdn-moteur-de-recherche':
(biblatex)                - Entry 'jdn-moteur-de-recherche' (Bibliography/Website.bib): Invalid format '03/08/2023' of date field 'urldate' - ignoring.


Package biblatex Warning: Biber reported the following issues
(biblatex)                with 'lebigdata':
(biblatex)                - Entry 'lebigdata' (Bibliography/Website.bib): Invalid format '03/08/2023' of date field 'urldate' - ignoring.


Package biblatex Warning: Biber reported the following issues
(biblatex)                with 'mdn-search-engine':
(biblatex)                - Entry 'mdn-search-engine' (Bibliography/Website.bib): Invalid format '03/08/2023' of date field 'urldate' - ignoring.


Package biblatex Warning: Biber reported the following issues
(biblatex)                with 'oracle-database':
(biblatex)                - Entry 'oracle-database' (Bibliography/Website.bib): Invalid format '03/08/2023' of date field 'urldate' - ignoring.


Package biblatex Warning: Biber reported the following issues
(biblatex)                with 'these-malgache-en-ligne':
(biblatex)                - Entry 'these-malgache-en-ligne' (Bibliography/Website.bib): Invalid format '03/08/2023' of date field 'urldate' - ignoring.

)
Package biblatex Info: Reference section=0 on input line 124.
Package biblatex Info: Reference segment=0 on input line 124.
\openout2 = `Parts/Header.aux'.

 (./Parts/Header.tex
File: Figures/Logo/university_logo.png Graphic file (type png)
<use Figures/Logo/university_logo.png>
Package pdftex.def Info: Figures/Logo/university_logo.png  used on input line 8.
(pdftex.def)             Requested size: 56.9055pt x 44.53455pt.
LaTeX Font Info:    External font `cmex10' loaded for size
(Font)              <12> on input line 9.
LaTeX Font Info:    External font `cmex10' loaded for size
(Font)              <8> on input line 9.
LaTeX Font Info:    External font `cmex10' loaded for size
(Font)              <6> on input line 9.
<Figures/Logo/fac-st.png, id=588, 1284.8pt x 963.6pt>
File: Figures/Logo/fac-st.png Graphic file (type png)
<use Figures/Logo/fac-st.png>
Package pdftex.def Info: Figures/Logo/fac-st.png  used on input line 20.
(pdftex.def)             Requested size: 85.35826pt x 64.01831pt.

Overfull \hbox (28.45276pt too wide) in paragraph at lines 20--21
[][] 
 []


Overfull \hbox (6.79999pt too wide) in paragraph at lines 40--40
 [][] 
 []

LaTeX Font Info:    External font `cmex10' loaded for size
(Font)              <10.95> on input line 45.
[1


{/var/lib/texmf/fonts/map/pdftex/updmap/pdftex.map} <./Figures/Logo/university_logo.png> <./Figures/Logo/fac-st.png>]) [1




] [2

] (./SRI-VSM-Mast-2-BOUDI.toc [3

] [4] [5])
\tf@toc=\write5
\openout5 = `SRI-VSM-Mast-2-BOUDI.toc'.

 [6] (./SRI-VSM-Mast-2-BOUDI.lof
Overfull \hbox (16.91806pt too wide) in paragraph at lines 22--22
 [][] [][]\T1/cmr/m/n/12 Description mor-pho-syn-taxique ([][]\T1/cmr/m/sc/12 Dale, Robert et Moisl, Hermann et Somers, 
 []

)
\tf@lof=\write6
\openout6 = `SRI-VSM-Mast-2-BOUDI.lof'.

 [7



] (./SRI-VSM-Mast-2-BOUDI.lot)
\tf@lot=\write7
\openout7 = `SRI-VSM-Mast-2-BOUDI.lot'.

 [8


]
\openout2 = `Parts/Introduction.aux'.

 (./Parts/Introduction.tex

Package hyperref Warning: The anchor of a bookmark and its parent's must not
(hyperref)                be the same. Added a new anchor on input line 6.

[1



]) [2] [3]
\openout2 = `Parts/Revue-literatture.aux'.

 (./Parts/Revue-literatture.tex (./Parts/Revue-literatture/RI.tex
Chapitre 1.
[4




]
<Figures/RI/ir-history.png, id=931, 1027.84pt x 1384.17125pt>
File: Figures/RI/ir-history.png Graphic file (type png)
<use Figures/RI/ir-history.png>
Package pdftex.def Info: Figures/RI/ir-history.png  used on input line 28.
(pdftex.def)             Requested size: 426.79134pt x 574.7583pt.
<Figures/RI/processus-ri-simple.png, id=933, 690.58pt x 316.18124pt>
File: Figures/RI/processus-ri-simple.png Graphic file (type png)
<use Figures/RI/processus-ri-simple.png>
Package pdftex.def Info: Figures/RI/processus-ri-simple.png  used on input line 35.
(pdftex.def)             Requested size: 426.79134pt x 195.40797pt.
 [5] [6 <./Figures/RI/ir-history.png>] [7 <./Figures/RI/processus-ri-simple.png>] [8] [9] [10] [11]
<Figures/RI/Processus-U.png, id=1007, 873.2625pt x 757.83125pt>
File: Figures/RI/Processus-U.png Graphic file (type png)
<use Figures/RI/Processus-U.png>
Package pdftex.def Info: Figures/RI/Processus-U.png  used on input line 174.
(pdftex.def)             Requested size: 426.79134pt x 370.36923pt.
 [12 <./Figures/RI/Processus-U.png>] [13] [14] [15] [16] [17] [18]
<Figures/RI/modele-ri.png, id=1089, 941.5175pt x 723.70375pt>
File: Figures/RI/modele-ri.png Graphic file (type png)
<use Figures/RI/modele-ri.png>
Package pdftex.def Info: Figures/RI/modele-ri.png  used on input line 313.
(pdftex.def)             Requested size: 426.79134pt x 328.05997pt.
<Figures/RI/boolean-model-example.png, id=1096, 827.09pt x 376.40625pt>
File: Figures/RI/boolean-model-example.png Graphic file (type png)
<use Figures/RI/boolean-model-example.png>
Package pdftex.def Info: Figures/RI/boolean-model-example.png  used on input line 333.
(pdftex.def)             Requested size: 426.79134pt x 194.23332pt.
 [19 <./Figures/RI/modele-ri.png>] [20 <./Figures/RI/boolean-model-example.png>]
<Figures/RI/vector-model.png, id=1116, 436.63126pt x 301.125pt>
File: Figures/RI/vector-model.png Graphic file (type png)
<use Figures/RI/vector-model.png>
Package pdftex.def Info: Figures/RI/vector-model.png  used on input line 373.
(pdftex.def)             Requested size: 284.52756pt x 196.22516pt.
 [21] [22 <./Figures/RI/vector-model.png>]
<Figures/RI/probabilistic-model.png, id=1139, 816.04875pt x 247.92625pt>
File: Figures/RI/probabilistic-model.png Graphic file (type png)
<use Figures/RI/probabilistic-model.png>
Package pdftex.def Info: Figures/RI/probabilistic-model.png  used on input line 407.
(pdftex.def)             Requested size: 426.79134pt x 129.66386pt.
 [23 <./Figures/RI/probabilistic-model.png>] [24] [25] [26]) (./Parts/Revue-literatture/SRI.tex [27]
Chapitre 2.
[28

] [29]
Underfull \hbox (badness 1303) in paragraph at lines 80--80
[]|\T1/cmr/m/n/12 Simple, in-dexa-tion et pon-dé-ra-tion ra-pide
 []


Underfull \hbox (badness 10000) in paragraph at lines 80--80
[]|\T1/cmr/m/n/12 Indexation/Clustering/Détermination des
 []

[30] [31]
<Figures/SRI/matrice-contingence.png, id=1225, 1082.0425pt x 738.76pt>
File: Figures/SRI/matrice-contingence.png Graphic file (type png)
<use Figures/SRI/matrice-contingence.png>
Package pdftex.def Info: Figures/SRI/matrice-contingence.png  used on input line 124.
(pdftex.def)             Requested size: 284.52756pt x 194.25993pt.
 [32]
<Figures/SRI/Precision-Recall.png, id=1232, 386.44376pt x 282.05376pt>
File: Figures/SRI/Precision-Recall.png Graphic file (type png)
<use Figures/SRI/Precision-Recall.png>
Package pdftex.def Info: Figures/SRI/Precision-Recall.png  used on input line 142.
(pdftex.def)             Requested size: 284.52756pt x 207.67068pt.


LaTeX Warning: Command \' invalid in math mode on input line 151.

Missing character: There is no é in font cmr12!
[33 <./Figures/SRI/matrice-contingence.png>]
<Figures/SRI/ex-prec-rec.png, id=1245, 995.72pt x 613.29124pt>
File: Figures/SRI/ex-prec-rec.png Graphic file (type png)
<use Figures/SRI/ex-prec-rec.png>
Package pdftex.def Info: Figures/SRI/ex-prec-rec.png  used on input line 167.
(pdftex.def)             Requested size: 426.79134pt x 262.87721pt.
<Figures/SRI/ex-prec-rec-courbe.png, id=1248, 935.495pt x 503.8825pt>
File: Figures/SRI/ex-prec-rec-courbe.png Graphic file (type png)
<use Figures/SRI/ex-prec-rec-courbe.png>
Package pdftex.def Info: Figures/SRI/ex-prec-rec-courbe.png  used on input line 175.
(pdftex.def)             Requested size: 455.24408pt x 245.2054pt.
 [34 <./Figures/SRI/Precision-Recall.png>] [35 <./Figures/SRI/ex-prec-rec.png> <./Figures/SRI/ex-prec-rec-courbe.png>]
<Figures/SRI/tme-statistics.PNG, id=1266, 736.25063pt x 324.46219pt>
File: Figures/SRI/tme-statistics.PNG Graphic file (type png)
<use Figures/SRI/tme-statistics.PNG>
Package pdftex.def Info: Figures/SRI/tme-statistics.PNG  used on input line 205.
(pdftex.def)             Requested size: 455.24408pt x 200.62976pt.
 [36]
<Figures/SRI/tme-results.PNG, id=1274, 730.22812pt x 504.38437pt>
File: Figures/SRI/tme-results.PNG Graphic file (type png)
<use Figures/SRI/tme-results.PNG>
Package pdftex.def Info: Figures/SRI/tme-results.PNG  used on input line 218.
(pdftex.def)             Requested size: 455.24408pt x 314.44673pt.
<Figures/SRI/tme-pagination.PNG, id=1276, 738.50906pt x 398.23781pt>
File: Figures/SRI/tme-pagination.PNG Graphic file (type png)
<use Figures/SRI/tme-pagination.PNG>
Package pdftex.def Info: Figures/SRI/tme-pagination.PNG  used on input line 225.
(pdftex.def)             Requested size: 455.24408pt x 245.48903pt.
 [37 <./Figures/SRI/tme-statistics.PNG>] [38 <./Figures/SRI/tme-results.PNG> <./Figures/SRI/tme-pagination.PNG>]) (./Parts/Revue-literatture/NLP.tex [39]
Chapitre 3.
[40

]
<Figures/NLP/nlp-ref-ai.png, id=1309, 1606.0pt x 865.2325pt>
File: Figures/NLP/nlp-ref-ai.png Graphic file (type png)
<use Figures/NLP/nlp-ref-ai.png>
Package pdftex.def Info: Figures/NLP/nlp-ref-ai.png  used on input line 27.
(pdftex.def)             Requested size: 369.88582pt x 199.27654pt.
 [41 <./Figures/NLP/nlp-ref-ai.png (PNG copy)>]
<Figures/NLP/nlp-stage.png, id=1320, 327.2225pt x 576.1525pt>
File: Figures/NLP/nlp-stage.png Graphic file (type png)
<use Figures/NLP/nlp-stage.png>
Package pdftex.def Info: Figures/NLP/nlp-stage.png  used on input line 57.
(pdftex.def)             Requested size: 227.62204pt x 400.78087pt.
 [42] [43 <./Figures/NLP/nlp-stage.png>] [44] [45]
<Figures/NLP/classe-grammatical.png, id=1364, 880.28876pt x 545.03625pt>
File: Figures/NLP/classe-grammatical.png Graphic file (type png)
<use Figures/NLP/classe-grammatical.png>
Package pdftex.def Info: Figures/NLP/classe-grammatical.png  used on input line 122.
(pdftex.def)             Requested size: 426.79134pt x 264.25078pt.
<Figures/NLP/description-morphosyntaxique.png, id=1367, 500.87125pt x 252.945pt>
File: Figures/NLP/description-morphosyntaxique.png Graphic file (type png)
<use Figures/NLP/description-morphosyntaxique.png>
Package pdftex.def Info: Figures/NLP/description-morphosyntaxique.png  used on input line 129.
(pdftex.def)             Requested size: 284.52756pt x 143.69383pt.
 [46 <./Figures/NLP/classe-grammatical.png>] [47 <./Figures/NLP/description-morphosyntaxique.png>]
<Figures/NLP/lexic-link-grammar.png, id=1389, 921.4425pt x 200.75pt>
File: Figures/NLP/lexic-link-grammar.png Graphic file (type png)
<use Figures/NLP/lexic-link-grammar.png>
Package pdftex.def Info: Figures/NLP/lexic-link-grammar.png  used on input line 156.
(pdftex.def)             Requested size: 369.88582pt x 80.58345pt.
<Figures/NLP/syntax-link-grammar.png, id=1391, 650.43pt x 173.64874pt>
File: Figures/NLP/syntax-link-grammar.png Graphic file (type png)
<use Figures/NLP/syntax-link-grammar.png>
Package pdftex.def Info: Figures/NLP/syntax-link-grammar.png  used on input line 163.
(pdftex.def)             Requested size: 369.88582pt x 98.75293pt.
 [48 <./Figures/NLP/lexic-link-grammar.png> <./Figures/NLP/syntax-link-grammar.png>] [49] [50]
<Figures/NLP/stemming-algorithm.png, id=1417, 948.54375pt x 835.12pt>
File: Figures/NLP/stemming-algorithm.png Graphic file (type png)
<use Figures/NLP/stemming-algorithm.png>
Package pdftex.def Info: Figures/NLP/stemming-algorithm.png  used on input line 236.
(pdftex.def)             Requested size: 369.88582pt x 325.65726pt.
 [51]) (./Parts/Revue-literatture/VSM.tex [52 <./Figures/NLP/stemming-algorithm.png>]
Chapitre 4.
[53

] [54] [55]
<Figures/VSM/inverted-indexes.png, id=1464, 883.3pt x 496.85625pt>
File: Figures/VSM/inverted-indexes.png Graphic file (type png)
<use Figures/VSM/inverted-indexes.png>
Package pdftex.def Info: Figures/VSM/inverted-indexes.png  used on input line 130.
(pdftex.def)             Requested size: 426.79134pt x 240.0728pt.
 [56 <./Figures/VSM/inverted-indexes.png>])) [57]
\openout2 = `Parts/Realisation.aux'.

 (./Parts/Realisation.tex
Chapitre 5.
<Figures/Realisation/mvc.png, id=1484, 742.775pt x 566.115pt>
File: Figures/Realisation/mvc.png Graphic file (type png)
<use Figures/Realisation/mvc.png>
Package pdftex.def Info: Figures/Realisation/mvc.png  used on input line 11.
(pdftex.def)             Requested size: 369.88582pt x 281.91656pt.
[58




] [59 <./Figures/Realisation/mvc.png>] [60] [61] [62]
LaTeX Font Info:    Trying to load font information for T1+cmtt on input line 104.
 (/usr/share/texlive/texmf-dist/tex/latex/base/t1cmtt.fd
File: t1cmtt.fd 2019/12/16 v2.5j Standard LaTeX font definitions
) [63] [64]
Package hyperref Info: bookmark level for unknown algorithm defaults to 0 on input line 140.

Underfull \hbox (badness 10000) in paragraph at lines 347--348
[] \T1/cmr/bx/n/12 Ren-voyer $\OML/cmm/m/it/12 render\OT1/cmr/m/n/12 (\OML/cmm/m/it/12 request \OT1/cmr/m/n/12 = \OML/cmm/m/it/12 request; template[]name \OT1/cmr/m/n/12 =
 []


Underfull \hbox (badness 10000) in paragraph at lines 353--354
[] \T1/cmr/bx/n/12 Ren-voyer $\OML/cmm/m/it/12 render\OT1/cmr/m/n/12 (\OML/cmm/m/it/12 request \OT1/cmr/m/n/12 = \OML/cmm/m/it/12 request; template[]name \OT1/cmr/m/n/12 =
 []


LaTeX Warning: Float too large for page by 722.61398pt on input line 357.

[65] [66] [67] [68]) [69]
\openout2 = `Parts/Conclusion.aux'.

 (./Parts/Conclusion.tex) [70




] [71]

Package biblatex Warning: No driver for 'journal'.
(biblatex)                Using fallback driver on input line 167.


Package biblatex Warning: No driver for 'journal'.
(biblatex)                Using fallback driver on input line 167.

[72



] [73]

Package biblatex Warning: No driver for 'journal'.
(biblatex)                Using fallback driver on input line 167.

[74]

Package biblatex Warning: No driver for 'journal'.
(biblatex)                Using fallback driver on input line 167.

[75] (./SRI-VSM-Mast-2-BOUDI.aux (./Parts/Header.aux) (./Parts/Introduction.aux) (./Parts/Revue-literatture.aux) (./Parts/Realisation.aux) (./Parts/Conclusion.aux))
Package rerunfilecheck Info: File `SRI-VSM-Mast-2-BOUDI.out' has not changed.
(rerunfilecheck)             Checksum: 16730CA9EC86C2BF062B459B5CB2EC32;26913.
Package logreq Info: Writing requests to 'SRI-VSM-Mast-2-BOUDI.run.xml'.
\openout1 = `SRI-VSM-Mast-2-BOUDI.run.xml'.

 ) 
Here is how much of TeX's memory you used:
 22938 strings out of 478023
 412204 string characters out of 5841208
 1273819 words of memory out of 5000000
 40653 multiletter control sequences out of 15000+600000
 488885 words of font info for 66 fonts, out of 8000000 for 9000
 1141 hyphenation exceptions out of 8191
 72i,16n,77p,1303b,3470s stack positions out of 10000i,1000n,20000p,200000b,200000s
{/usr/share/texmf/fonts/enc/dvips/cm-super/cm-super-t1.enc}{/usr/share/texmf/fonts/enc/dvips/cm-super/cm-super-ts1.enc}</usr/share/texlive/texmf-dist/fonts/type1/public/amsfonts/cm/cmbx12.pfb></usr/share/texlive/texmf-dist/fonts/type1/public/amsfonts/cm/cmex10.pfb></usr/share/texlive/texmf-dist/fonts/type1/public/amsfonts/cm/cmmi12.pfb></usr/share/texlive/texmf-dist/fonts/type1/public/amsfonts/cm/cmmi6.pfb></usr/share/texlive/texmf-dist/fonts/type1/public/amsfonts/cm/cmmi8.pfb></usr/share/texlive/texmf-dist/fonts/type1/public/amsfonts/cm/cmr12.pfb></usr/share/texlive/texmf-dist/fonts/type1/public/amsfonts/cm/cmr8.pfb></usr/share/texlive/texmf-dist/fonts/type1/public/amsfonts/cm/cmsy10.pfb></usr/share/texlive/texmf-dist/fonts/type1/public/amsfonts/cm/cmsy6.pfb></usr/share/texlive/texmf-dist/fonts/type1/public/amsfonts/cm/cmsy8.pfb></usr/share/texmf/fonts/type1/public/cm-super/sfbi1200.pfb></usr/share/texmf/fonts/type1/public/cm-super/sfbx1200.pfb></usr/share/texmf/fonts/type1/public/cm-super/sfbx1440.pfb></usr/share/texmf/fonts/type1/public/cm-super/sfbx1728.pfb></usr/share/texmf/fonts/type1/public/cm-super/sfbx2488.pfb></usr/share/texmf/fonts/type1/public/cm-super/sfcc1200.pfb></usr/share/texmf/fonts/type1/public/cm-super/sfcc1440.pfb></usr/share/texmf/fonts/type1/public/cm-super/sfcc1728.pfb></usr/share/texmf/fonts/type1/public/cm-super/sfit1200.pfb></usr/share/texmf/fonts/type1/public/cm-super/sfrm0900.pfb></usr/share/texmf/fonts/type1/public/cm-super/sfrm1000.pfb></usr/share/texmf/fonts/type1/public/cm-super/sfrm1095.pfb></usr/share/texmf/fonts/type1/public/cm-super/sfrm1200.pfb></usr/share/texmf/fonts/type1/public/cm-super/sfrm1440.pfb></usr/share/texmf/fonts/type1/public/cm-super/sfrm1728.pfb></usr/share/texmf/fonts/type1/public/cm-super/sfsl0900.pfb></usr/share/texmf/fonts/type1/public/cm-super/sfti1200.pfb></usr/share/texmf/fonts/type1/public/cm-super/sftt1200.pfb></usr/share/texmf/fonts/type1/public/cm-super/sfxc1200.pfb>
Output written on SRI-VSM-Mast-2-BOUDI.pdf (84 pages, 2127253 bytes).
PDF statistics:
 1873 PDF objects out of 2073 (max. 8388607)
 1675 compressed objects within 17 object streams
 362 named destinations out of 1000 (max. 500000)
 1294 words of extra memory for PDF output out of 10000 (max. 10000000)

