\BOOKMARK [0][-]{chapter*.2}{\376\377\000R\000\351\000s\000u\000m\000\351}{}% 1
\BOOKMARK [0][-]{chapter*.3}{\376\377\000R\000e\000m\000e\000r\000c\000i\000e\000m\000e\000n\000t\000s}{}% 2
\BOOKMARK [0][-]{section*.4}{\376\377\000T\000a\000b\000l\000e\000\040\000d\000e\000s\000\040\000m\000a\000t\000i\000\350\000r\000e\000s}{}% 3
\BOOKMARK [0][-]{chapter.1}{\376\377\000I\000n\000t\000r\000o\000d\000u\000c\000t\000i\000o\000n}{}% 4
\BOOKMARK [1][-]{section.1.1}{\376\377\000V\000u\000e\000\040\000d\000'\000e\000n\000s\000e\000m\000b\000l\000e}{chapter.1}% 5
\BOOKMARK [1][-]{section.1.2}{\376\377\000C\000o\000n\000t\000e\000x\000t\000e\000\040\000d\000e\000\040\000l\000a\000\040\000r\000e\000c\000h\000e\000r\000c\000h\000e\000\040\000d\000e\000\040\000t\000h\000\350\000s\000e\000s\000\040\000m\000a\000l\000a\000g\000a\000s\000y}{chapter.1}% 6
\BOOKMARK [1][-]{section.1.3}{\376\377\000P\000r\000o\000b\000l\000\351\000m\000a\000t\000i\000q\000u\000e}{chapter.1}% 7
\BOOKMARK [1][-]{section.1.4}{\376\377\000O\000b\000j\000e\000c\000t\000i\000f\000s\000\040\000d\000u\000\040\000m\000\351\000m\000o\000i\000r\000e}{chapter.1}% 8
\BOOKMARK [1][-]{section.1.5}{\376\377\000O\000r\000g\000a\000n\000i\000s\000a\000t\000i\000o\000n\000\040\000d\000u\000\040\000d\000e\000v\000o\000i\000r}{chapter.1}% 9
\BOOKMARK [0][-]{chapter.2}{\376\377\000R\000e\000v\000u\000e\000\040\000d\000e\000\040\000l\000a\000\040\000l\000i\000t\000t\000\351\000r\000a\000t\000u\000r\000e}{}% 10
\BOOKMARK [1][-]{section.2.1}{\376\377\000R\000e\000c\000h\000e\000r\000c\000h\000e\000\040\000d\000'\000i\000n\000f\000o\000r\000m\000a\000t\000i\000o\000n}{chapter.2}% 11
\BOOKMARK [2][-]{subsection.2.1.1}{\376\377\000I\000n\000t\000r\000o\000d\000u\000c\000t\000i\000o\000n}{section.2.1}% 12
\BOOKMARK [2][-]{subsection.2.1.2}{\376\377\000P\000o\000u\000r\000q\000u\000o\000i\000\040\000r\000e\000c\000h\000e\000r\000c\000h\000e\000r\000\040\000u\000n\000e\000\040\000i\000n\000f\000o\000r\000m\000a\000t\000i\000o\000n\000\040\000?}{section.2.1}% 13
\BOOKMARK [2][-]{subsection.2.1.3}{\376\377\000C\000'\000e\000s\000t\000\040\000q\000u\000o\000i\000\040\000u\000n\000e\000\040\000i\000n\000f\000o\000r\000m\000a\000t\000i\000o\000n\000\040\000?}{section.2.1}% 14
\BOOKMARK [2][-]{subsection.2.1.4}{\376\377\000C\000'\000e\000s\000t\000\040\000q\000u\000o\000i\000\040\000u\000n\000\040\000d\000o\000c\000u\000m\000e\000n\000t\000\040\000?}{section.2.1}% 15
\BOOKMARK [2][-]{subsection.2.1.5}{\376\377\000C\000l\000a\000s\000s\000i\000f\000i\000c\000a\000t\000i\000o\000n\000\040\000d\000e\000s\000\040\000d\000o\000c\000u\000m\000e\000n\000t\000s}{section.2.1}% 16
\BOOKMARK [3][-]{subsubsection.2.1.5.1}{\376\377\000T\000y\000p\000e\000\040\000d\000e\000\040\000c\000l\000a\000s\000s\000i\000f\000i\000c\000a\000t\000i\000o\000n\000\040\000d\000e\000s\000\040\000d\000o\000c\000u\000m\000e\000n\000t\000s}{subsection.2.1.5}% 17
\BOOKMARK [3][-]{subsubsection.2.1.5.2}{\376\377\000A\000l\000g\000o\000r\000i\000t\000h\000m\000e\000s\000\040\000d\000e\000\040\000c\000l\000a\000s\000s\000i\000f\000i\000c\000a\000t\000i\000o\000n\000\040\000g\000l\000o\000b\000a\000l}{subsection.2.1.5}% 18
\BOOKMARK [2][-]{subsection.2.1.6}{\376\377\000B\000e\000s\000o\000i\000n\000\040\000d\000'\000i\000n\000f\000o\000r\000m\000a\000t\000i\000o\000n}{section.2.1}% 19
\BOOKMARK [2][-]{subsection.2.1.7}{\376\377\000T\000\342\000c\000h\000e\000\040\000d\000e\000\040\000r\000e\000c\000h\000e\000r\000c\000h\000e\000\040\000d\000e\000\040\000l\000'\000u\000t\000i\000l\000i\000s\000a\000t\000e\000u\000r}{section.2.1}% 20
\BOOKMARK [3][-]{subsubsection.2.1.7.1}{\376\377\000T\000a\000c\000h\000e\000\040\000f\000a\000c\000t\000u\000e\000l\000l\000e}{subsection.2.1.7}% 21
\BOOKMARK [3][-]{subsubsection.2.1.7.2}{\376\377\000T\000a\000c\000h\000e\000\040\000i\000n\000t\000e\000r\000p\000r\000\351\000t\000a\000t\000i\000v\000e}{subsection.2.1.7}% 22
\BOOKMARK [3][-]{subsubsection.2.1.7.3}{\376\377\000T\000a\000c\000h\000e\000\040\000d\000'\000e\000x\000p\000l\000o\000i\000t\000a\000t\000i\000o\000n}{subsection.2.1.7}% 23
\BOOKMARK [2][-]{subsection.2.1.8}{\376\377\000M\000o\000d\000\350\000l\000e\000\040\000d\000e\000\040\000r\000e\000c\000h\000e\000r\000c\000h\000e\000\040\000d\000e\000\040\000l\000'\000u\000t\000i\000l\000i\000s\000a\000t\000e\000u\000r\000:\000\040\000A\000p\000p\000r\000o\000c\000h\000e\000\040\000d\000e\000\040\000l\000a\000\040\000r\000e\000c\000h\000e\000r\000c\000h\000e}{section.2.1}% 24
\BOOKMARK [3][-]{subsubsection.2.1.8.1}{\376\377\000A\000d\000-\000h\000o\000c\000:\000\040\000a\000p\000p\000r\000o\000c\000h\000e\000\040\000c\000l\000a\000s\000s\000i\000q\000u\000e}{subsection.2.1.8}% 25
\BOOKMARK [3][-]{subsubsection.2.1.8.2}{\376\377\000F\000i\000l\000t\000e\000r\000i\000n\000g\000:\000\040\000a\000p\000p\000r\000o\000c\000h\000e\000\040\000m\000o\000d\000e\000r\000n\000e}{subsection.2.1.8}% 26
\BOOKMARK [2][-]{subsection.2.1.9}{\376\377\000F\000a\000c\000t\000e\000u\000r\000\040\000d\000'\000i\000n\000f\000l\000u\000e\000n\000c\000e\000\040\000d\000e\000\040\000l\000a\000\040\000r\000e\000c\000h\000e\000r\000c\000h\000e\000\040\000d\000'\000i\000n\000f\000o\000r\000m\000a\000t\000i\000o\000n}{section.2.1}% 27
\BOOKMARK [2][-]{subsection.2.1.10}{\376\377\000P\000r\000o\000c\000e\000s\000s\000u\000s\000\040\000d\000e\000\040\000r\000e\000c\000h\000e\000r\000c\000h\000e\000\040\000d\000'\000i\000n\000f\000o\000r\000m\000a\000t\000i\000o\000n}{section.2.1}% 28
\BOOKMARK [3][-]{subsubsection.2.1.10.1}{\376\377\000I\000n\000t\000r\000o\000d\000u\000c\000t\000i\000o\000n\000\040\000\050\000P\000r\000o\000c\000e\000s\000s\000u\000s\000\040\000e\000n\000\040\000U\000\051}{subsection.2.1.10}% 29
\BOOKMARK [3][-]{subsubsection.2.1.10.2}{\376\377\000P\000r\000e\000m\000i\000\350\000r\000e\000\040\000\351\000t\000a\000p\000e\000:\000\040\000B\000e\000s\000o\000i\000n\000\040\000d\000'\000i\000n\000f\000o\000r\000m\000a\000t\000i\000o\000n}{subsection.2.1.10}% 30
\BOOKMARK [3][-]{subsubsection.2.1.10.3}{\376\377\000I\000n\000d\000e\000x\000a\000t\000i\000o\000n\000\040\000d\000e\000s\000\040\000d\000o\000c\000u\000m\000e\000n\000t\000s}{subsection.2.1.10}% 31
\BOOKMARK [3][-]{subsubsection.2.1.10.4}{\376\377\000A\000n\000a\000l\000y\000s\000e\000\040\000l\000e\000x\000i\000c\000a\000l\000\040\000\050\000S\000e\000g\000m\000e\000n\000t\000a\000t\000i\000o\000n\000\051}{subsection.2.1.10}% 32
\BOOKMARK [3][-]{subsubsection.2.1.10.5}{\376\377\000\311\000l\000i\000m\000i\000n\000a\000t\000i\000o\000n\000\040\000d\000e\000s\000\040\000m\000o\000t\000s\000\040\000v\000i\000d\000e\000s\000\040\000\050\000S\000t\000o\000p\000\040\000w\000o\000r\000d\000s\000\051}{subsection.2.1.10}% 33
\BOOKMARK [3][-]{subsubsection.2.1.10.6}{\376\377\000L\000e\000m\000m\000a\000t\000i\000s\000a\000t\000i\000o\000n\000\040\000e\000t\000\040\000S\000t\000e\000m\000m\000i\000n\000g}{subsection.2.1.10}% 34
\BOOKMARK [3][-]{subsubsection.2.1.10.7}{\376\377\000N\000o\000r\000m\000a\000l\000i\000s\000a\000t\000i\000o\000n}{subsection.2.1.10}% 35
\BOOKMARK [3][-]{subsubsection.2.1.10.8}{\376\377\000S\000\351\000l\000e\000c\000t\000i\000o\000n\000\040\000e\000t\000\040\000p\000o\000n\000d\000\351\000r\000a\000t\000i\000o\000n\000\040\000d\000e\000s\000\040\000t\000e\000r\000m\000e\000s}{subsection.2.1.10}% 36
\BOOKMARK [3][-]{subsubsection.2.1.10.9}{\376\377\000\311\000t\000a\000p\000e\000\040\000d\040\031\000a\000p\000p\000a\000r\000i\000e\000m\000e\000n\000t}{subsection.2.1.10}% 37
\BOOKMARK [3][-]{subsubsection.2.1.10.10}{\376\377\000R\000e\000f\000o\000r\000m\000u\000l\000a\000t\000i\000o\000n\000\040\000d\000e\000\040\000l\000a\000\040\000r\000e\000q\000u\000\352\000t\000e}{subsection.2.1.10}% 38
\BOOKMARK [2][-]{subsection.2.1.11}{\376\377\000M\000o\000d\000\350\000l\000e\000\040\000d\000e\000\040\000R\000I}{section.2.1}% 39
\BOOKMARK [3][-]{subsubsection.2.1.11.1}{\376\377\000I\000n\000t\000r\000o\000d\000u\000c\000t\000i\000o\000n}{subsection.2.1.11}% 40
\BOOKMARK [3][-]{subsubsection.2.1.11.2}{\376\377\000C\000a\000r\000a\000c\000t\000\351\000r\000i\000s\000t\000i\000q\000u\000e\000\040\000f\000o\000r\000m\000e\000l\000\040\000\050\000D\000Q\000F\000R\000\051}{subsection.2.1.11}% 41
\BOOKMARK [3][-]{subsubsection.2.1.11.3}{\376\377\000T\000a\000x\000o\000n\000o\000m\000i\000e\000\040\000d\000e\000\040\000m\000o\000d\000\350\000l\000e}{subsection.2.1.11}% 42
\BOOKMARK [3][-]{subsubsection.2.1.11.4}{\376\377\000C\000a\000t\000\351\000g\000o\000r\000i\000e\000\040\000d\000e\000\040\000m\000o\000d\000\350\000l\000e}{subsection.2.1.11}% 43
\BOOKMARK [3][-]{subsubsection.2.1.11.5}{\376\377\000M\000o\000d\000\350\000l\000e\000\040\000e\000n\000s\000e\000m\000b\000l\000i\000s\000t\000e}{subsection.2.1.11}% 44
\BOOKMARK [3][-]{subsubsection.2.1.11.6}{\376\377\000M\000o\000d\000\350\000l\000e\000\040\000a\000l\000g\000\351\000b\000r\000i\000q\000u\000e}{subsection.2.1.11}% 45
\BOOKMARK [3][-]{subsubsection.2.1.11.7}{\376\377\000M\000o\000d\000\350\000l\000e\000\040\000p\000r\000o\000b\000a\000b\000i\000l\000i\000s\000t\000e}{subsection.2.1.11}% 46
\BOOKMARK [2][-]{subsection.2.1.12}{\376\377\000M\000e\000s\000u\000r\000e\000\040\000d\000e\000\040\000s\000i\000m\000i\000l\000a\000r\000i\000t\000\351}{section.2.1}% 47
\BOOKMARK [3][-]{subsubsection.2.1.12.1}{\376\377\000P\000r\000o\000d\000u\000i\000t\000\040\000s\000c\000a\000l\000a\000i\000r\000e}{subsection.2.1.12}% 48
\BOOKMARK [3][-]{subsubsection.2.1.12.2}{\376\377\000S\000i\000m\000i\000l\000a\000r\000i\000t\000\351\000\040\000c\000o\000s\000i\000n\000u\000s}{subsection.2.1.12}% 49
\BOOKMARK [3][-]{subsubsection.2.1.12.3}{\376\377\000S\000i\000m\000i\000l\000a\000r\000i\000t\000\351\000\040\000d\000e\000\040\000J\000a\000c\000c\000a\000r\000d}{subsection.2.1.12}% 50
\BOOKMARK [3][-]{subsubsection.2.1.12.4}{\376\377\000S\000i\000m\000i\000l\000a\000r\000i\000t\000\351\000\040\000d\000e\000\040\000D\000i\000c\000e}{subsection.2.1.12}% 51
\BOOKMARK [2][-]{subsection.2.1.13}{\376\377\000C\000o\000n\000c\000l\000u\000s\000i\000o\000n}{section.2.1}% 52
\BOOKMARK [1][-]{section.2.2}{\376\377\000S\000y\000s\000t\000\350\000m\000e\000\040\000d\000e\000\040\000r\000e\000c\000h\000e\000r\000c\000h\000e\000\040\000d\000'\000i\000n\000f\000o\000r\000m\000a\000t\000i\000o\000n}{chapter.2}% 53
\BOOKMARK [2][-]{subsection.2.2.1}{\376\377\000I\000n\000t\000r\000o\000d\000u\000c\000t\000i\000o\000n}{section.2.2}% 54
\BOOKMARK [2][-]{subsection.2.2.2}{\376\377\000O\000b\000j\000e\000c\000t\000i\000f\000\040\000e\000t\000\040\000e\000f\000f\000i\000c\000a\000c\000i\000t\000\351}{section.2.2}% 55
\BOOKMARK [2][-]{subsection.2.2.3}{\376\377\000\311\000l\000\351\000m\000e\000n\000t\000\040\000p\000r\000i\000n\000c\000i\000p\000a\000u\000x}{section.2.2}% 56
\BOOKMARK [3][-]{subsubsection.2.2.3.1}{\376\377\000B\000a\000s\000e\000\040\000d\000e\000\040\000d\000o\000n\000n\000\351\000e\000s}{subsection.2.2.3}% 57
\BOOKMARK [3][-]{subsubsection.2.2.3.2}{\376\377\000A\000l\000g\000o\000r\000i\000t\000h\000m\000e\000\040\000d\000e\000\040\000c\000l\000a\000s\000s\000e\000m\000e\000n\000t}{subsection.2.2.3}% 58
\BOOKMARK [2][-]{subsection.2.2.4}{\376\377\000C\000a\000t\000\351\000g\000o\000r\000i\000e\000\040\000d\000e\000\040\000r\000e\000c\000h\000e\000r\000c\000h\000e}{section.2.2}% 59
\BOOKMARK [2][-]{subsection.2.2.5}{\376\377\000T\000y\000p\000e\000\040\000d\000e\000\040\000m\000o\000t\000e\000u\000r\000\040\000d\000e\000\040\000r\000e\000c\000h\000e\000r\000c\000h\000e}{section.2.2}% 60
\BOOKMARK [3][-]{subsubsection.2.2.5.1}{\376\377\000C\000l\000a\000s\000s\000i\000q\000u\000e\000\040\000o\000u\000\040\000t\000r\000a\000d\000i\000t\000i\000o\000n\000n\000e\000l}{subsection.2.2.5}% 61
\BOOKMARK [3][-]{subsubsection.2.2.5.2}{\376\377\000S\000\351\000m\000a\000n\000t\000i\000q\000u\000e\000\040\000o\000u\000\040\000m\000o\000d\000e\000r\000n\000e}{subsection.2.2.5}% 62
\BOOKMARK [2][-]{subsection.2.2.6}{\376\377\000M\000o\000d\000\350\000l\000e\000\040\000a\000d\000o\000p\000t\000\351\000\040\000p\000a\000r\000\040\000u\000n\000\040\000S\000R\000I}{section.2.2}% 63
\BOOKMARK [2][-]{subsection.2.2.7}{\376\377\000\311\000v\000a\000l\000u\000a\000t\000i\000o\000n\000\040\000d\000'\000u\000n\000\040\000S\000R\000I}{section.2.2}% 64
\BOOKMARK [3][-]{subsubsection.2.2.7.1}{\376\377\000\311\000v\000a\000l\000u\000a\000t\000i\000o\000n\000\040\000f\000o\000n\000c\000t\000i\000o\000n\000n\000e\000l}{subsection.2.2.7}% 65
\BOOKMARK [3][-]{subsubsection.2.2.7.2}{\376\377\000\311\000v\000a\000l\000u\000a\000t\000i\000o\000n\000\040\000d\000e\000\040\000p\000e\000r\000f\000o\000r\000m\000a\000n\000c\000e}{subsection.2.2.7}% 66
\BOOKMARK [3][-]{subsubsection.2.2.7.3}{\376\377\000\311\000v\000a\000l\000u\000a\000t\000i\000o\000n\000\040\000d\000e\000\040\000p\000e\000r\000f\000o\000r\000m\000a\000n\000c\000e\000\040\000d\000e\000\040\000r\000e\000c\000h\000e\000r\000c\000h\000e}{subsection.2.2.7}% 67
\BOOKMARK [3][-]{subsubsection.2.2.7.4}{\376\377\000E\000x\000e\000m\000p\000l\000e\000\040\000d\000e\000\040\000p\000r\000\351\000c\000i\000s\000i\000o\000n\000\040\000e\000t\000\040\000r\000a\000p\000p\000e\000l}{subsection.2.2.7}% 68
\BOOKMARK [3][-]{subsubsection.2.2.7.5}{\376\377\000P\000r\000o\000b\000l\000\350\000m\000e\000\040\000d\000e\000\040\000p\000r\000\351\000c\000i\000s\000i\000o\000n\000\040\000e\000t\000\040\000l\000e\000\040\000r\000a\000p\000p\000e\000l}{subsection.2.2.7}% 69
\BOOKMARK [3][-]{subsubsection.2.2.7.6}{\376\377\000M\000o\000y\000e\000n\000n\000e\000\040\000h\000a\000r\000m\000o\000n\000i\000q\000u\000e}{subsection.2.2.7}% 70
\BOOKMARK [3][-]{subsubsection.2.2.7.7}{\376\377\000E\000t\000\040\000d\000'\000a\000u\000t\000r\000e\000s\000\040\000m\000e\000s\000u\000r\000e\000s}{subsection.2.2.7}% 71
\BOOKMARK [2][-]{subsection.2.2.8}{\376\377\000A\000n\000a\000l\000y\000s\000e\000\040\000d\000u\000\040\000m\000o\000t\000e\000u\000r\000\040\000d\000e\000\040\000r\000e\000c\000h\000e\000r\000c\000h\000e\000\040\000e\000x\000i\000s\000t\000a\000n\000t}{section.2.2}% 72
\BOOKMARK [3][-]{subsubsection.2.2.8.1}{\376\377\000T\000h\000\350\000s\000e\000s\000\040\000m\000a\000l\000g\000a\000c\000h\000e\000\040\000e\000n\000\040\000l\000i\000g\000n\000e}{subsection.2.2.8}% 73
\BOOKMARK [3][-]{subsubsection.2.2.8.2}{\376\377\000B\000i\000b\000l\000i\000o\000t\000h\000\350\000q\000u\000e\000s\000\040\000u\000n\000i\000v\000e\000r\000s\000i\000t\000a\000i\000r\000e\000\040\000e\000n\000\040\000l\000i\000g\000n\000e}{subsection.2.2.8}% 74
\BOOKMARK [3][-]{subsubsection.2.2.8.3}{\376\377\000G\000o\000o\000g\000l\000e\000\040\000S\000c\000h\000o\000l\000a\000r\000,\000\040\000t\000h\000e\000s\000e\000s\000.\000f\000r\000\040\000e\000t\000\040\000d\000'\000a\000u\000t\000r\000e\000s}{subsection.2.2.8}% 75
\BOOKMARK [2][-]{subsection.2.2.9}{\376\377\000C\000o\000n\000c\000l\000u\000s\000i\000o\000n}{section.2.2}% 76
\BOOKMARK [1][-]{section.2.3}{\376\377\000T\000r\000a\000i\000t\000e\000m\000e\000n\000t\000\040\000d\000e\000\040\000L\000a\000n\000g\000a\000g\000e\000\040\000N\000a\000t\000u\000r\000e\000l\000\040\000\050\000T\000L\000N\000\051}{chapter.2}% 77
\BOOKMARK [2][-]{subsection.2.3.1}{\376\377\000I\000n\000t\000r\000o\000d\000u\000c\000t\000i\000o\000n}{section.2.3}% 78
\BOOKMARK [2][-]{subsection.2.3.2}{\376\377\000U\000n\000\040\000p\000e\000u\000\040\000d\000'\000h\000i\000s\000t\000o\000i\000r\000e}{section.2.3}% 79
\BOOKMARK [2][-]{subsection.2.3.3}{\376\377\000L\000e\000s\000\040\000n\000i\000v\000e\000a\000u\000x\000\040\000d\000e\000\040\000l\000a\000n\000g\000a\000g\000e}{section.2.3}% 80
\BOOKMARK [2][-]{subsection.2.3.4}{\376\377\000P\000h\000o\000n\000o\000l\000o\000g\000i\000e}{section.2.3}% 81
\BOOKMARK [2][-]{subsection.2.3.5}{\376\377\000M\000o\000r\000p\000h\000o\000l\000o\000g\000i\000e}{section.2.3}% 82
\BOOKMARK [3][-]{subsubsection.2.3.5.1}{\376\377\000T\000r\000i\000a\000g\000e\000\040\000d\000e\000\040\000d\000o\000c\000u\000m\000e\000n\000t}{subsection.2.3.5}% 83
\BOOKMARK [3][-]{subsubsection.2.3.5.2}{\376\377\000S\000e\000g\000m\000e\000n\000t\000a\000t\000i\000o\000n\000\040\000d\000e\000\040\000t\000e\000x\000t\000e}{subsection.2.3.5}% 84
\BOOKMARK [3][-]{subsubsection.2.3.5.3}{\376\377\000C\000a\000t\000\351\000g\000o\000r\000i\000e\000s\000\040\000g\000r\000a\000m\000m\000a\000t\000i\000c\000a\000l\000e\000s}{subsection.2.3.5}% 85
\BOOKMARK [2][-]{subsection.2.3.6}{\376\377\000A\000n\000a\000l\000y\000s\000e\000\040\000l\000e\000x\000i\000c\000a\000l\000e}{section.2.3}% 86
\BOOKMARK [2][-]{subsection.2.3.7}{\376\377\000S\000y\000n\000t\000a\000x\000e}{section.2.3}% 87
\BOOKMARK [3][-]{subsubsection.2.3.7.1}{\376\377\000A\000n\000a\000l\000y\000s\000e\000\040\000s\000y\000p\000e\000r\000f\000i\000c\000i\000e\000l\000l\000e}{subsection.2.3.7}% 88
\BOOKMARK [3][-]{subsubsection.2.3.7.2}{\376\377\000A\000n\000a\000l\000y\000s\000e\000\040\000e\000n\000\040\000d\000\351\000p\000e\000n\000d\000a\000n\000c\000e}{subsection.2.3.7}% 89
\BOOKMARK [2][-]{subsection.2.3.8}{\376\377\000S\000\351\000m\000a\000n\000t\000i\000q\000u\000e}{section.2.3}% 90
\BOOKMARK [2][-]{subsection.2.3.9}{\376\377\000P\000r\000a\000g\000m\000a\000t\000i\000q\000u\000e}{section.2.3}% 91
\BOOKMARK [2][-]{subsection.2.3.10}{\376\377\000A\000p\000p\000r\000o\000c\000h\000e\000\040\000d\000u\000\040\000T\000L\000N}{section.2.3}% 92
\BOOKMARK [3][-]{subsubsection.2.3.10.1}{\376\377\000A\000p\000p\000r\000o\000c\000h\000e\000\040\000s\000y\000m\000b\000o\000l\000i\000q\000u\000e}{subsection.2.3.10}% 93
\BOOKMARK [3][-]{subsubsection.2.3.10.2}{\376\377\000A\000p\000p\000r\000o\000c\000h\000e\000\040\000s\000t\000a\000t\000i\000s\000t\000i\000q\000u\000e}{subsection.2.3.10}% 94
\BOOKMARK [3][-]{subsubsection.2.3.10.3}{\376\377\000A\000p\000p\000r\000o\000c\000h\000e\000\040\000c\000o\000n\000n\000e\000x\000i\000o\000n\000n\000i\000s\000t\000e}{subsection.2.3.10}% 95
\BOOKMARK [2][-]{subsection.2.3.11}{\376\377\000A\000p\000p\000l\000i\000c\000a\000t\000i\000o\000n\000\040\000d\000e\000\040\000T\000L\000N}{section.2.3}% 96
\BOOKMARK [2][-]{subsection.2.3.12}{\376\377\000C\000o\000n\000c\000l\000u\000s\000i\000o\000n}{section.2.3}% 97
\BOOKMARK [1][-]{section.2.4}{\376\377\000M\000o\000d\000\350\000l\000e\000\040\000v\000e\000c\000t\000o\000r\000i\000e\000l}{chapter.2}% 98
\BOOKMARK [2][-]{subsection.2.4.1}{\376\377\000I\000n\000t\000r\000o\000d\000u\000c\000t\000i\000o\000n}{section.2.4}% 99
\BOOKMARK [3][-]{subsubsection.2.4.1.1}{\376\377\000D\000\351\000f\000i\000n\000i\000t\000i\000o\000n\000\040\000+\000\040\000H\000i\000s\000t\000o\000i\000r\000e}{subsection.2.4.1}% 100
\BOOKMARK [3][-]{subsubsection.2.4.1.2}{\376\377\000P\000r\000i\000n\000c\000i\000p\000e\000\040\000d\000u\000\040\000m\000o\000d\000\350\000l\000e\000\040\000v\000e\000c\000t\000o\000r\000i\000e\000l}{subsection.2.4.1}% 101
\BOOKMARK [2][-]{subsection.2.4.2}{\376\377\000P\000o\000u\000r\000q\000u\000o\000i\000\040\000u\000t\000i\000l\000i\000s\000e\000r}{section.2.4}% 102
\BOOKMARK [2][-]{subsection.2.4.3}{\376\377\000P\000r\000o\000b\000l\000\350\000m\000e\000\040\000d\000e\000\040\000c\000l\000a\000s\000s\000i\000f\000i\000c\000a\000t\000i\000o\000n}{section.2.4}% 103
\BOOKMARK [2][-]{subsection.2.4.4}{\376\377\000M\000\351\000t\000h\000o\000d\000e\000s\000\040\000d\000e\000\040\000p\000o\000n\000d\000\351\000r\000a\000t\000i\000o\000n\000\040\000d\000e\000s\000\040\000t\000e\000r\000m\000e\000s}{section.2.4}% 104
\BOOKMARK [3][-]{subsubsection.2.4.4.1}{\376\377\000T\000e\000r\000m\000\040\000F\000r\000e\000q\000u\000e\000n\000c\000y\000\040\000\050\000T\000F\000\051}{subsection.2.4.4}% 105
\BOOKMARK [3][-]{subsubsection.2.4.4.2}{\376\377\000I\000n\000v\000e\000r\000s\000e\000\040\000D\000o\000c\000u\000m\000e\000n\000t\000\040\000F\000r\000e\000q\000u\000e\000n\000c\000y\000\040\000\050\000I\000D\000F\000\051}{subsection.2.4.4}% 106
\BOOKMARK [3][-]{subsubsection.2.4.4.3}{\376\377\000T\000F\000-\000I\000D\000F\000\040\000\050\000T\000F\000\040\000*\000\040\000I\000D\000F\000\051}{subsection.2.4.4}% 107
\BOOKMARK [2][-]{subsection.2.4.5}{\376\377\000D\000o\000c\000u\000m\000e\000n\000t\000\040\000i\000n\000v\000e\000r\000s\000\351\000\040\000\050\000F\000i\000c\000h\000i\000e\000r\000\040\000i\000n\000v\000e\000r\000s\000\351\000\051}{section.2.4}% 108
\BOOKMARK [2][-]{subsection.2.4.6}{\376\377\000A\000v\000a\000n\000t\000a\000g\000e\000s}{section.2.4}% 109
\BOOKMARK [2][-]{subsection.2.4.7}{\376\377\000I\000n\000c\000o\000n\000v\000\351\000n\000i\000e\000n\000t\000s}{section.2.4}% 110
\BOOKMARK [2][-]{subsection.2.4.8}{\376\377\000C\000o\000n\000c\000l\000u\000s\000i\000o\000n}{section.2.4}% 111
\BOOKMARK [0][-]{chapter.3}{\376\377\000R\000\351\000a\000l\000i\000s\000a\000t\000i\000o\000n}{}% 112
\BOOKMARK [1][-]{section.3.1}{\376\377\000A\000p\000p\000r\000o\000c\000h\000e\000\040\000u\000t\000i\000l\000i\000s\000\351\000e}{chapter.3}% 113
\BOOKMARK [2][-]{subsection.3.1.1}{\376\377\000U\000M\000L}{section.3.1}% 114
\BOOKMARK [1][-]{section.3.2}{\376\377\000T\000e\000c\000h\000n\000o\000l\000o\000g\000i\000e\000s\000\040\000u\000t\000i\000l\000i\000s\000\351}{chapter.3}% 115
\BOOKMARK [2][-]{subsection.3.2.1}{\376\377\000P\000y\000t\000h\000o\000n}{section.3.2}% 116
\BOOKMARK [2][-]{subsection.3.2.2}{\376\377\000M\000y\000S\000Q\000L}{section.3.2}% 117
\BOOKMARK [1][-]{section.3.3}{\376\377\000O\000u\000t\000i\000l\000s\000\040\000u\000t\000i\000l\000i\000s\000\351\000e}{chapter.3}% 118
\BOOKMARK [2][-]{subsection.3.3.1}{\376\377\000V\000i\000s\000u\000a\000l\000\040\000S\000t\000u\000d\000i\000o\000\040\000C\000o\000d\000e}{section.3.3}% 119
\BOOKMARK [0][-]{chapter.4}{\376\377\000C\000o\000n\000c\000l\000u\000s\000i\000o\000n}{}% 120
\BOOKMARK [0][-]{chapter*.8}{\376\377\000B\000i\000b\000l\000i\000o\000g\000r\000a\000p\000h\000i\000e}{}% 121
