\BOOKMARK [0][-]{section*.7}{\376\377\000T\000a\000b\000l\000e\000\040\000d\000e\000s\000\040\000f\000i\000g\000u\000r\000e\000s}{}% 1
\BOOKMARK [0][-]{section*.9}{\376\377\000L\000i\000s\000t\000e\000\040\000d\000e\000s\000\040\000t\000a\000b\000l\000e\000a\000u\000x}{}% 2
\BOOKMARK [0][-]{section*.11}{\376\377\000L\000i\000s\000t\000\040\000o\000f\000\040\000A\000l\000g\000o\000r\000i\000t\000h\000m\000s}{}% 3
\BOOKMARK [0][-]{section*.13}{\376\377\000L\000i\000s\000t\000\040\000o\000f\000\040\000S\000o\000u\000r\000c\000e\000\040\000C\000o\000d\000e}{}% 4
\BOOKMARK [0][-]{chapter.14}{\376\377\000T\000h\000e\000s\000i\000s\000\040\000S\000t\000r\000u\000c\000t\000u\000r\000e}{}% 5
\BOOKMARK [1][-]{section.15}{\376\377\000I\000n\000t\000r\000o\000d\000u\000c\000t\000i\000o\000n}{chapter.14}% 6
\BOOKMARK [1][-]{section.16}{\376\377\000S\000t\000r\000u\000c\000t\000u\000r\000e}{chapter.14}% 7
\BOOKMARK [1][-]{section.17}{\376\377\000F\000o\000r\000m\000a\000t\000t\000i\000n\000g}{chapter.14}% 8
\BOOKMARK [0][-]{chapter.18}{\376\377\000A\000b\000o\000u\000t\000\040\000L\000a\000T\000e\000X\000\040\000a\000n\000d\000\040\000H\000o\000w\000\040\000t\000o\000\040\000U\000s\000e\000\040\000T\000h\000i\000s\000\040\000T\000e\000m\000p\000l\000a\000t\000e}{}% 9
\BOOKMARK [1][-]{section.19}{\376\377\000L\000e\000a\000r\000n\000i\000n\000g\000\040\000L\000a\000T\000e\000X}{chapter.18}% 10
\BOOKMARK [2][-]{subsection.20}{\376\377\000A\000\040\000\050\000n\000o\000t\000\040\000s\000o\000\040\000s\000h\000o\000r\000t\000\051\000\040\000I\000n\000t\000r\000o\000d\000u\000c\000t\000i\000o\000n\000\040\000t\000o\000\040\000L\000a\000T\000e\000X}{section.19}% 11
\BOOKMARK [2][-]{subsection.21}{\376\377\000A\000\040\000S\000h\000o\000r\000t\000\040\000M\000a\000t\000h\000\040\000G\000u\000i\000d\000e\000\040\000f\000o\000r\000\040\000L\000a\000T\000e\000X}{section.19}% 12
\BOOKMARK [2][-]{subsection.23}{\376\377\000O\000b\000t\000a\000i\000n\000i\000n\000g\000\040\000L\000a\000T\000e\000X}{section.19}% 13
\BOOKMARK [1][-]{section.24}{\376\377\000G\000e\000t\000t\000i\000n\000g\000\040\000S\000t\000a\000r\000t\000e\000d\000\040\000w\000i\000t\000h\000\040\000t\000h\000i\000s\000\040\000T\000e\000m\000p\000l\000a\000t\000e}{chapter.18}% 14
\BOOKMARK [2][-]{subsection.25}{\376\377\000A\000b\000o\000u\000t\000\040\000t\000h\000i\000s\000\040\000T\000e\000m\000p\000l\000a\000t\000e}{section.24}% 15
\BOOKMARK [1][-]{section.26}{\376\377\000W\000h\000a\000t\000\040\000t\000h\000i\000s\000\040\000T\000e\000m\000p\000l\000a\000t\000e\000\040\000I\000n\000c\000l\000u\000d\000e\000s}{chapter.18}% 16
\BOOKMARK [2][-]{subsection.27}{\376\377\000F\000o\000l\000d\000e\000r\000s}{section.26}% 17
\BOOKMARK [2][-]{subsection.29}{\376\377\000F\000i\000l\000e\000s}{section.26}% 18
\BOOKMARK [2][-]{subsection.31}{\376\377\000B\000u\000i\000l\000d\000i\000n\000g\000\040\000t\000h\000e\000\040\000D\000o\000c\000u\000m\000e\000n\000t}{section.26}% 19
\BOOKMARK [1][-]{section.37}{\376\377\000F\000i\000l\000l\000i\000n\000g\000\040\000i\000n\000\040\000Y\000o\000u\000r\000\040\000I\000n\000f\000o\000r\000m\000a\000t\000i\000o\000n\000\040\000i\000n\000\040\000t\000h\000e\000\040\000m\000a\000i\000n\000.\000t\000e\000x\000\040\000F\000i\000l\000e}{chapter.18}% 20
\BOOKMARK [1][-]{section.38}{\376\377\000T\000h\000e\000\040\000m\000a\000i\000n\000.\000t\000e\000x\000\040\000F\000i\000l\000e\000\040\000E\000x\000p\000l\000a\000i\000n\000e\000d}{chapter.18}% 21
\BOOKMARK [1][-]{section.39}{\376\377\000F\000r\000o\000n\000t\000\040\000M\000a\000t\000t\000e\000r\000\040\000\050\000f\000r\000o\000n\000t\000m\000a\000t\000t\000e\000r\000/\000f\000r\000o\000n\000t\000m\000a\000t\000t\000e\000r\000.\000t\000e\000x\000\051}{chapter.18}% 22
\BOOKMARK [1][-]{section.40}{\376\377\000T\000h\000e\000s\000i\000s\000\040\000F\000e\000a\000t\000u\000r\000e\000s\000\040\000a\000n\000d\000\040\000C\000o\000n\000v\000e\000n\000t\000i\000o\000n\000s}{chapter.18}% 23
\BOOKMARK [2][-]{subsection.41}{\376\377\000P\000r\000i\000n\000t\000i\000n\000g\000\040\000F\000o\000r\000m\000a\000t}{section.40}% 24
\BOOKMARK [2][-]{subsection.42}{\376\377\000R\000e\000f\000e\000r\000e\000n\000c\000e\000s}{section.40}% 25
\BOOKMARK [2][-]{subsection.47}{\376\377\000T\000a\000b\000l\000e\000s}{section.40}% 26
\BOOKMARK [2][-]{subsection.49}{\376\377\000F\000i\000g\000u\000r\000e\000s}{section.40}% 27
\BOOKMARK [2][-]{subsection.50}{\376\377\000O\000t\000h\000e\000r\000\040\000U\000s\000e\000f\000u\000l\000\040\000C\000o\000m\000m\000a\000n\000d\000s}{section.40}% 28
\BOOKMARK [1][-]{section.51}{\376\377\000S\000e\000c\000t\000i\000o\000n\000i\000n\000g\000\040\000a\000n\000d\000\040\000S\000u\000b\000s\000e\000c\000t\000i\000o\000n\000i\000n\000g}{chapter.18}% 29
\BOOKMARK [1][-]{section.52}{\376\377\000I\000n\000\040\000C\000l\000o\000s\000i\000n\000g}{chapter.18}% 30
\BOOKMARK [0][-]{chapter.53}{\376\377\000A\000l\000g\000o\000r\000i\000t\000h\000m\000s\000,\000\040\000S\000o\000u\000r\000c\000e\000\040\000C\000o\000d\000e\000,\000\040\000t\000h\000e\000\040\000P\000o\000r\000t\000a\000b\000l\000e\000\040\000G\000r\000a\000p\000h\000i\000c\000s\000\040\000F\000o\000r\000m\000a\000t\000\040\000a\000n\000d\000\040\000A\000c\000r\000o\000n\000y\000m\000s}{}% 31
\BOOKMARK [1][-]{section.54}{\376\377\000A\000l\000g\000o\000r\000i\000t\000h\000m\000s}{chapter.53}% 32
\BOOKMARK [1][-]{section.56}{\376\377\000S\000o\000u\000r\000c\000e\000\040\000C\000o\000d\000e}{chapter.53}% 33
\BOOKMARK [1][-]{section.57}{\376\377\000T\000h\000e\000\040\000P\000o\000r\000t\000a\000b\000l\000e\000\040\000G\000r\000a\000p\000h\000i\000c\000s\000\040\000F\000o\000r\000m\000a\000t}{chapter.53}% 34
\BOOKMARK [2][-]{subsection.58}{\376\377\000T\000i\000K\000Z}{section.57}% 35
\BOOKMARK [2][-]{subsection.60}{\376\377\000P\000G\000F\000P\000L\000O\000T\000S}{section.57}% 36
\BOOKMARK [1][-]{section.62}{\376\377\000H\000a\000n\000d\000l\000i\000n\000g\000\040\000A\000c\000r\000o\000n\000y\000m\000s\000\040\000A\000u\000t\000o\000m\000a\000t\000i\000c\000a\000l\000l\000y}{chapter.53}% 37
\BOOKMARK [0][-]{chapter*.64}{\376\377\000B\000i\000b\000l\000i\000o\000g\000r\000a\000p\000h\000i\000e}{}% 38
